<?xml version="1.0" encoding="UTF-8"?>
<!-- Generated by org.testng.reporters.JUnitReportReporter -->
<testsuite hostname="sony-PC" failures="0" tests="1" name="com.crm.qa.testcases.BookedPageTest" time="10.851" errors="0" timestamp="11 Aug 2019 10:09:07 GMT" skipped="0">
  <testcase classname="com.crm.qa.testcases.BookedPageTest" name="verifyBookedItineraryLabelTest" time="10.851"/>
</testsuite> <!-- com.crm.qa.testcases.BookedPageTest -->
