<?xml version="1.0" encoding="UTF-8"?>
<!-- Generated by org.testng.reporters.JUnitReportReporter -->
<testsuite hostname="sony-PC" failures="0" tests="3" name="com.crm.qa.testcases.LoginPageTest" time="14.506" errors="0" timestamp="29 May 2019 18:03:18 GMT" skipped="0">
  <testcase classname="com.crm.qa.testcases.LoginPageTest" name="verifyLoginPageTitleTest" time="4.117"/>
  <testcase classname="com.crm.qa.testcases.LoginPageTest" name="AdctinLogoImageTest" time="4.368"/>
  <testcase classname="com.crm.qa.testcases.LoginPageTest" name="loginTest" time="6.021"/>
</testsuite> <!-- com.crm.qa.testcases.LoginPageTest -->
