<?xml version="1.0" encoding="UTF-8"?>
<!-- Generated by org.testng.reporters.JUnitReportReporter -->
<testsuite hostname="sony-PC" failures="0" tests="1" name="com.crm.qa.testcases.BookedPageTest" time="10.557" errors="0" timestamp="13 Jul 2019 14:34:33 GMT" skipped="0">
  <testcase classname="com.crm.qa.testcases.BookedPageTest" name="verifyBookedItineraryLabelTest" time="10.557"/>
</testsuite> <!-- com.crm.qa.testcases.BookedPageTest -->
