<?xml version="1.0" encoding="UTF-8"?>
<!-- Generated by org.testng.reporters.JUnitReportReporter -->
<testsuite hostname="sony-PC" failures="0" tests="6" name="com.crm.qa.testcases.HomePageTest" time="46.871" errors="0" timestamp="29 May 2019 18:03:18 GMT" skipped="0">
  <testcase classname="com.crm.qa.testcases.HomePageTest" name="validateHomePageTitle" time="4.742"/>
  <testcase classname="com.crm.qa.testcases.HomePageTest" name="verifyUserName" time="14.201"/>
  <testcase classname="com.crm.qa.testcases.HomePageTest" name="bookedPageClickTest" time="5.051"/>
  <testcase classname="com.crm.qa.testcases.HomePageTest" name="verifyBookingHotelTest" time="7.821"/>
  <testcase classname="com.crm.qa.testcases.HomePageTest" name="verifyBookingHotelTest" time="7.911"/>
  <testcase classname="com.crm.qa.testcases.HomePageTest" name="verifyBookingHotelTest" time="7.145"/>
</testsuite> <!-- com.crm.qa.testcases.HomePageTest -->
